<?xml version="1.0" encoding="UTF-8"?>
<!-- Generated by org.testng.reporters.JUnitReportReporter -->
<testsuite hostname="LAPTOP-VTCISVEU" failures="0" tests="2" name="com.qa.rcb.playersearchtest.PlayerSearchTest" time="0.027" errors="0" timestamp="2023-01-11T16:07:30 IST" skipped="0">
  <testcase classname="com.qa.rcb.playersearchtest.PlayerSearchTest" name="foreignPlayersname" time="0.023"/>
  <system-out/>
  <testcase classname="com.qa.rcb.playersearchtest.PlayerSearchTest" name="wicketkeeperssname" time="0.004"/>
  <system-out/>
</testsuite> <!-- com.qa.rcb.playersearchtest.PlayerSearchTest -->
